<?xml version="1.0" encoding="UTF-8"?>
<!-- Generated by org.testng.reporters.JUnitReportReporter -->
<testsuite skipped="0" hostname="INDSBLR481MNC2" name="com.megatron.test.regression.TestLoginU13856" tests="1" failures="0" timestamp="29 Oct 2018 05:08:44 GMT" time="20.471" errors="0">
  <testcase name="testlogininvalidTC156786" time="20.471" classname="com.megatron.test.regression.TestLoginU13856"/>
</testsuite> <!-- com.megatron.test.regression.TestLoginU13856 -->
