<?xml version="1.0" encoding="UTF-8"?>
<!-- Generated by org.testng.reporters.JUnitReportReporter -->
<testsuite skipped="0" hostname="INDSBLR481MNC2" name="com.megatron.test.smoke.TestSample" tests="1" failures="0" timestamp="03 Oct 2018 06:17:54 GMT" time="29.320" errors="0">
  <testcase name="testloginpagetitle" time="29.320" classname="com.megatron.test.smoke.TestSample"/>
</testsuite> <!-- com.megatron.test.smoke.TestSample -->
